<?xml version="1.0" encoding="UTF-8"?>
<!-- Generated by org.testng.reporters.JUnitReportReporter -->
<testsuite hostname="DESKTOP-OBQ41KK" failures="0" tests="1" name="oncourse.testScript.LoginTest" time="80.280" errors="0" timestamp="2023-07-12T02:13:10 PDT" skipped="0">
  <testcase classname="oncourse.testScript.LoginTest" name="testcase" time="80.280"/>
  <system-out/>
</testsuite> <!-- oncourse.testScript.LoginTest -->
